

HI-TECH Software PICC Macro Assembler V9.60PL1
                                                      Mon Oct 21 15:10:56 2019


     1                           	processor	16F84A
     2                           	opt	pw 79
     3                           	psect	text0,local,class=CODE,delta=2
     4                           	psect	config,global,class=CONFIG,delta=2
     5                           	psect	rdata_0,global,class=BANK0,space=1,delta
      +                          =1
     6                           	psect	idata_0,global,class=CODE,delta=2
     7                           	psect	text1,local,class=CODE,delta=2
     8                           	psect	text2,local,class=CODE,delta=2
     9                           	psect	text3,local,class=CODE,delta=2
    10                           	psect	text4,local,class=CODE,delta=2
    11                           	psect	intcode,global,class=CODE,delta=2
    12                           	psect	intsave_0,global,ovrld,class=BANK0,space
      +                          =1,delta=1
    13                           	psect	intret,global,class=CODE,delta=2
    14                           	psect	intentry,global,class=CODE,delta=2
    15                           	psect	intsave,global,class=BANK0,space=1,delta
      +                          =1
    16                           	psect	rbss_0,global,class=BANK0,space=1,delta=
      +                          1
    17  0000                     
    18  0000                     
    19  0000                     
    20  0000                     
    21  0000                     
    22  0000                     
    23  0000                     
    24  0000                     
    25  0000                     
    26  0000                     	;#
    27                           
    28                           	psect	text0
    29  005D                     _main
    30                           ;kadai3.c: 11: void main()
    31  005D  1283               	bcf	3,5
    32  005E  1086               	bcf	6,1
    33                           ;kadai3.c: 14: interr();
    34  005F  1283               	bcf	3,5
    35  0060  208A               	call	_interr
    36                           ;kadai3.c: 15: ioport();
    37  0061  2097               	call	_ioport
    38                           ;kadai3.c: 16: while(1)
    39                           ;kadai3.c: 17: {
    40  0062                     l5
    41  0062  1805               	btfsc	5,0
    42  0063  286C               	goto	l7
    43                           ;kadai3.c: 19: {
    44  0064  178B               	bsf	11,7
    45                           ;kadai3.c: 21: bell(x[b]);
    46  0065  0810               	movf	_b,w
    47  0066  3E15               	addlw	_x
    48  0067  0084               	movwf	4
    49  0068  0800               	movf	0,w
    50  0069  1283               	bcf	3,5
    51  006A  206F               	call	_bell
    52  006B  2862               	goto	l5
    53  006C                     l7
    54                           ;kadai3.c: 22: }
    55  006C  138B               	bcf	11,7
    56                           ;kadai3.c: 24: RB1 = 0;
    57  006D  1086               	bcf	6,1
    58  006E  2862               	goto	l5
    59                           
    60                           	psect	config
    61  2007  3FF2               	dw	16370	;#
    62                           
    63                           	psect	rdata_0
    64  0015                     _x
                     _x
    65  0015                     	ds	1
                     	ds	1
    66  0016                     	ds	1
                     	ds	1
    67  0017                     	ds	1
                     	ds	1
    68  0018                     	ds	1
                     	ds	1
    69  0019                     	ds	1
                     	ds	1
    70  001A                     	ds	1
                     	ds	1
    71  001B                     	ds	1
                     	ds	1
    72  001C                     	ds	1
    73                           
    74                           	psect	idata_0
    75  0055  34BF               	retlw	-65
    76  0056  34AA               	retlw	-86
    77  0057  3497               	retlw	-105
    78  0058  348F               	retlw	-113
    79  0059  347F               	retlw	127
    80  005A  3471               	retlw	113
    81  005B  3465               	retlw	101
    82  005C  345F               	retlw	95
    83                           
    84                           	psect	text1
    85  0097                     _ioport
    86                           ;kadai3.c: 27: void ioport(void)
    87  0097  300F               	movlw	15
    88  0098  1683               	bsf	3,5
    89  0099  0085               	movwf	5	;volatile
    90                           ;kadai3.c: 30: TRISB = 0;
    91  009A  0186               	clrf	6	;volatile
    92                           ;kadai3.c: 31: }
    93  009B  1283               	bcf	3,5
    94  009C  0008               	return	;W free
    95                           
    96                           	psect	text2
    97  006F                     _bell
    98                           ;	_a assigned to ?a_bell+0
    99  0000                     _bell$a	set	?a_bell
   100                           ;	__dcnt assigned to ?a_bell+1
   101  0000                     _bell$_dcnt	set	?a_bell+1
   102                           ;	__dcnt assigned to ?a_bell+1
   103  0000                     _bell$_dcnt	set	?a_bell+1
   104                           ;_a stored from w
   105  006F  1283               	bcf	3,5
   106  0070  0092               	movwf	?a_bell
   107                           ;kadai3.c: 32: void bell(char a)
   108  0071  1086               	bcf	6,1
   109                           ;kadai3.c: 35: { unsigned char _dcnt; _dcnt = (
      +                          a)/((12*1000L)/(10*1000L))|1; while(--_dcnt != 
      +                          0) continue; };
   110  0072  3801               	iorlw	1
   111  0073  0093               	movwf	?a_bell+1
   112  0074                     l10
   113  0074  0B93               	decfsz	?a_bell+1
   114  0075  2874               	goto	l10
   115                           ;kadai3.c: 36: RB1 = 1;
   116  0076  1486               	bsf	6,1
   117                           ;kadai3.c: 37: { unsigned char _dcnt; _dcnt = (
      +                          a)/((12*1000L)/(10*1000L))|1; while(--_dcnt != 
      +                          0) continue; };
   118  0077  0812               	movf	?a_bell,w
   119  0078  3801               	iorlw	1
   120  0079  0093               	movwf	?a_bell+1
   121  007A                     l14
   122  007A  0B93               	decfsz	?a_bell+1
   123  007B  287A               	goto	l14
   124  007C  0008               	return
   125                           
   126                           	psect	text3
   127  008A                     _interr
   128                           ;kadai3.c: 39: void interr(void)
   129  008A  138B               	bcf	11,7
   130                           ;kadai3.c: 42: T0IE = 1;
   131  008B  168B               	bsf	11,5
   132                           ;kadai3.c: 43: T0IF = 0;
   133  008C  110B               	bcf	11,2
   134                           ;kadai3.c: 44: TMR0 = 0;
   135  008D  1283               	bcf	3,5
   136  008E  0181               	clrf	1	;volatile
   137                           ;kadai3.c: 45: T0CS = 0;
   138  008F  1683               	bsf	3,5
   139  0090  1281               	bcf	1,5
   140                           ;kadai3.c: 46: PSA = 0;
   141  0091  1181               	bcf	1,3
   142                           ;kadai3.c: 47: PS0 = 1;
   143  0092  1401               	bsf	1,0
   144                           ;kadai3.c: 48: PS1 = 1;
   145  0093  1481               	bsf	1,1
   146                           ;kadai3.c: 49: PS2 = 1;
   147  0094  1501               	bsf	1,2
   148                           ;kadai3.c: 50: }
   149  0095  1283               	bcf	3,5
   150  0096  0008               	return	;W free
   151                           
   152                           	psect	intcode
   153  0008                     _isr
   154  0008                     int_func
   155                           ;kadai3.c: 51: interrupt isr()
   156  0008  110B               	bcf	11,2
   157                           ;kadai3.c: 54: a = a + 1;
   158  0009  1283               	bcf	3,5
   159  000A  0A8E               	incf	_a
   160  000B  1903               	btfsc	3,2
   161  000C  0A8F               	incf	_a+1
   162                           ;kadai3.c: 55: if(a == 39)
   163  000D  080E               	movf	_a,w
   164  000E  3A27               	xorlw	39
   165  000F  040F               	iorwf	_a+1,w
   166  0010  1D03               	btfss	3,2
   167  0011  281E               	goto	l17
   168                           ;kadai3.c: 56: {
   169  0012  0A90               	incf	_b
   170  0013  1903               	btfsc	3,2
   171  0014  0A91               	incf	_b+1
   172                           ;kadai3.c: 58: if(b == 8)
   173  0015  0810               	movf	_b,w
   174  0016  3A08               	xorlw	8
   175  0017  0411               	iorwf	_b+1,w
   176  0018  1D03               	btfss	3,2
   177  0019  281C               	goto	l19
   178                           ;kadai3.c: 59: {
   179  001A  0190               	clrf	_b
   180  001B  0191               	clrf	_b+1
   181  001C                     l19
   182                           ;kadai3.c: 61: }
   183  001C  018E               	clrf	_a
   184  001D  018F               	clrf	_a+1
   185                           ;kadai3.c: 63: }
   186  001E                     l17
   187  001E  1283               	bcf	3,5
   188                           
   189                           	psect	intsave_0
   190  000C                     saved_w
                     saved_w
   191  000C                     	ds	1
   192                           
   193                           	psect	intret
   194  001F                     int_restore
   195  001F  081F               	movf	saved_status,w
   196  0020  0083               	movwf	3
   197  0021  0E8C               	swapf	saved_w
   198  0022  0E0C               	swapf	saved_w,w
   199  0023  0009               	retfie
   200                           
   201                           	psect	intentry
   202  0004                     int_entry
   203  0004  008C               	movwf	saved_w
   204  0005  0803               	movf	3,w
   205  0006  0183               	clrf	3
   206  0007  009F               	movwf	saved_status
   207  0000                     
   208  0000                     
   209  0000                     
   210  0000                     
   211  0000                     
   212  0000                     
   213  0000                     
   214  0000                     
   215  0000                     
   216  0000                     
   217  0000                     
   218  0000                     
   219  0000                     
   220  0000                     
   221  0000                     
   222  0000                     
   223  0000                     
   224  0000                     
   225  0000                     
   226  0000                     
   227  0000                     
   228  0000                     
   229  0000                     
   230  0000                     
   231  0000                     
   232  0000                     
   233  0000                     
   234  0000                     
   235  0000                     
   236  0000                     
   237  0000                     
   238  0000                     
   239  0000                     
   240  0000                     
   241  0000                     
   242  0000                     
   243  0000                     
   244  0000                     
   245  0000                     
   246  0000                     
   247  0000                     
   248  0000                     
   249  0000                     
   250  0000                     
   251  0000                     
   252  0000                     
   253  0000                     
   254  0000                     
   255  0000                     
   256  0000                     
   257  0000                     
   258  0000                     
   259  0000                     
   260  0000                     
   261  0000                     
   262  0000                     
   263  0000                     
   264  0000                     
   265  0000                     
   266  0000                     
   267  0000                     
   268  0000                     
   269  0000                     
   270  0000                     
   271  0000                     
   272  0000                     
   273  0000                     
   274  0000                     
   275  0000                     
   276  0000                     
   277                           
   278                           	psect	intsave
   279  001F                     saved_status
                     saved_status
   280  001F                     	ds	1
   281                           
   282                           	psect	rbss_0
   283  000D                     _bell_flg
                     _bell_flg
   284  000D                     	ds	1
   285  000E                     _a
                     _a
   286  000E                     	ds	2
   287  0010                     _b
                     _b
   288  0010                     	ds	2


HI-TECH Software PICC Macro Assembler V9.60PL1
Symbol Table                                          Mon Oct 21 15:10:56 2019

     ?a_bell 0012            l5 0062            l7 006C            _a 000E  
          _b 0010            _x 0015           l10 0074           l14 007A  
         l17 001E           l19 001C           fsr 0004          _isr 0008  
     _interr 008A       _ioport 0097         _bell 006F         _main 005D  
       start 0024       saved_w 000C     int_entry 0004  saved_status 001F  
      status 0003      int_func 0008   int_restore 001F     _bell_flg 000D  
